<?xml version="1.0" encoding="UTF-8"?>
<testsuites name="Mocha Tests" time="19.715" tests="16" failures="0">
  <testsuite name="Root Suite" timestamp="2017-09-18T13:29:41" tests="0" failures="0" time="0">
  </testsuite>
  <testsuite name="注册、登录、发布话题和回帖等功能" timestamp="2017-09-18T13:29:41" tests="0" file="E:\test\2017-09-17\index2.js" failures="0" time="0">
  </testsuite>
  <testsuite name="注册功能" timestamp="2017-09-18T13:29:41" tests="3" file="E:\test\2017-09-17\index2.js" failures="0" time="5.035">
    <testcase name="注册、登录、发布话题和回帖等功能 注册功能 打开首页" time="3.798" classname="打开首页">
    </testcase>
    <testcase name="注册、登录、发布话题和回帖等功能 注册功能 点击注册按钮" time="0.304" classname="点击注册按钮">
    </testcase>
    <testcase name="注册、登录、发布话题和回帖等功能 注册功能 输入注册信息，修改数据库" time="0.933" classname="输入注册信息，修改数据库">
    </testcase>
  </testsuite>
  <testsuite name="登录功能" timestamp="2017-09-18T13:29:47" tests="5" file="E:\test\2017-09-17\index2.js" failures="0" time="1.241">
    <testcase name="注册、登录、发布话题和回帖等功能 登录功能 打开首页" time="0.297" classname="打开首页">
    </testcase>
    <testcase name="注册、登录、发布话题和回帖等功能 登录功能 点击登录按钮" time="0.216" classname="点击登录按钮">
    </testcase>
    <testcase name="注册、登录、发布话题和回帖等功能 登录功能 输入用户名和密码" time="0.188" classname="输入用户名和密码">
    </testcase>
    <testcase name="注册、登录、发布话题和回帖等功能 登录功能 点击登录" time="0.539" classname="点击登录">
    </testcase>
    <testcase name="注册、登录、发布话题和回帖等功能 登录功能 assert" time="0.001" classname="assert">
    </testcase>
  </testsuite>
  <testsuite name="发布话题" timestamp="2017-09-18T13:29:50" tests="4" file="E:\test\2017-09-17\index2.js" failures="0" time="5.85">
    <testcase name="注册、登录、发布话题和回帖等功能 发布话题 点击发布话题" time="0.485" classname="点击发布话题">
    </testcase>
    <testcase name="注册、登录、发布话题和回帖等功能 发布话题 选择分享下拉列表，输入标题" time="0.314" classname="选择分享下拉列表，输入标题">
    </testcase>
    <testcase name="注册、登录、发布话题和回帖等功能 发布话题 添加图片" time="0.137" classname="添加图片">
    </testcase>
    <testcase name="注册、登录、发布话题和回帖等功能 发布话题 点击链接" time="4.914" classname="点击链接">
    </testcase>
  </testsuite>
  <testsuite name="回帖功能" timestamp="2017-09-18T13:29:58" tests="4" file="E:\test\2017-09-17\index2.js" failures="0" time="7.589">
    <testcase name="注册、登录、发布话题和回帖等功能 回帖功能 添加回复_照片" time="2.128" classname="添加回复_照片">
    </testcase>
    <testcase name="注册、登录、发布话题和回帖等功能 回帖功能 添加回复_内容" time="2.457" classname="添加回复_内容">
    </testcase>
    <testcase name="注册、登录、发布话题和回帖等功能 回帖功能 编辑回复" time="2.847" classname="编辑回复">
    </testcase>
    <testcase name="注册、登录、发布话题和回帖等功能 回帖功能 删除回复" time="0.157" classname="删除回复">
    </testcase>
  </testsuite>
</testsuites>