<?xml version="1.0" encoding="UTF-8"?>
<testsuites name="Mocha Tests" time="12.877" tests="1" failures="0">
  <testsuite name="Root Suite" timestamp="2017-09-27T15:11:38" tests="0" failures="0" time="0">
  </testsuite>
  <testsuite name="login" timestamp="2017-09-27T15:11:38" tests="1" file="E:\test\2017-09-17\jishangtong.js" failures="0" time="12.877">
    <testcase name="login u" time="12.877" classname="u">
    </testcase>
  </testsuite>
</testsuites>